<?xml version="1.0" encoding="UTF-8"?>
<!-- Generated by org.testng.reporters.JUnitReportReporter -->
<testsuite hostname="WIN-H7E01U00ST4" failures="0" tests="1" name="test.java.MainTest3" time="19.943" errors="0" timestamp="2023-11-06T21:56:19 EET" skipped="0">
  <testcase classname="test.java.MainTest3" name="mailOneSendTest" time="19.943"/>
  <system-out/>
</testsuite> <!-- test.java.MainTest3 -->
